[2026-04-30 02:00:01] Starting daily ETL pipeline...
[2026-04-30 02:00:01] Establishing SSH tunnel to MariaDB on port 2220...
[2026-04-30 02:00:01] Extracting from MariaDB via tunnel...
[2026-04-30 02:00:01] Triggering PostgreSQL Import Script...
SET
SET
CREATE TABLE
COPY 22
UPDATE 22
INSERT 0 1
ERROR:  invalid input syntax for type date: "NULL"
DELETE 0
INSERT 0 0
INSERT 0 0
DROP TABLE
[2026-04-30 02:00:01] ETL pipeline completed successfully.
[2026-04-30 02:00:01] Running cleanup procedures...
[2026-04-30 02:00:01] Closing SSH tunnel...
[2026-04-30 18:00:29] Starting daily ETL pipeline...
[2026-04-30 18:00:29] Establishing SSH tunnel to MariaDB on port 2220...
[2026-04-30 18:00:29] Extracting from MariaDB via tunnel...
[2026-04-30 18:00:29] Triggering PostgreSQL Import Script...
SET
SET
CREATE TABLE
COPY 7
UPDATE 7
UPDATE 7
INSERT 0 1
INSERT 0 3
DELETE 0
INSERT 0 3
INSERT 0 3
DROP TABLE
[2026-04-30 18:00:29] ETL pipeline completed successfully.
[2026-04-30 18:00:29] Running cleanup procedures...
[2026-04-30 18:00:29] Closing SSH tunnel...
-----------------------[2026-04-30 18:01:08] Starting daily ETL pipeline...
[2026-04-30 18:01:08] Establishing SSH tunnel to MariaDB on port 2220...
[2026-04-30 18:01:08] Extracting from MariaDB via tunnel...
[2026-04-30 18:01:08] Triggering PostgreSQL Import Script...
SET
SET
CREATE TABLE
COPY 7
UPDATE 7
UPDATE 7
INSERT 0 0
INSERT 0 0
DELETE 0
INSERT 0 0
INSERT 0 0
DROP TABLE
[2026-04-30 18:01:08] ETL pipeline completed successfully.
[2026-04-30 18:01:08] Running cleanup procedures...
[2026-04-30 18:01:08] Closing SSH tunnel...
[2026-05-01 02:00:01] Starting daily ETL pipeline...
[2026-05-01 02:00:01] Establishing SSH tunnel to MariaDB on port 2220...
[2026-05-01 02:00:01] Extracting from MariaDB via tunnel...
[2026-05-01 02:00:01] Triggering PostgreSQL Import Script...
SET
SET
CREATE TABLE
COPY 7
UPDATE 7
UPDATE 7
INSERT 0 0
INSERT 0 0
DELETE 0
INSERT 0 0
INSERT 0 0
DROP TABLE
[2026-05-01 02:00:01] ETL pipeline completed successfully.
[2026-05-01 02:00:01] Running cleanup procedures...
[2026-05-01 02:00:01] Closing SSH tunnel...
[2026-05-02 02:00:01] Starting daily ETL pipeline...
[2026-05-02 02:00:01] Establishing SSH tunnel to MariaDB on port 2220...
[2026-05-02 02:00:01] Extracting from MariaDB via tunnel...
[2026-05-02 02:00:01] Triggering PostgreSQL Import Script...
SET
SET
CREATE TABLE
COPY 7
UPDATE 7
UPDATE 7
INSERT 0 1
INSERT 0 7
DELETE 0
INSERT 0 7
INSERT 0 7
DROP TABLE
[2026-05-02 02:00:01] ETL pipeline completed successfully.
[2026-05-02 02:00:01] Running cleanup procedures...
[2026-05-02 02:00:01] Closing SSH tunnel...
[2026-05-03 02:00:01] Starting daily ETL pipeline...
[2026-05-03 02:00:01] Establishing SSH tunnel to MariaDB on port 2220...
[2026-05-03 02:00:01] Extracting from MariaDB via tunnel...
[2026-05-03 02:00:01] Triggering PostgreSQL Import Script...
SET
SET
CREATE TABLE
COPY 4
UPDATE 4
UPDATE 4
INSERT 0 2
INSERT 0 4
DELETE 0
INSERT 0 4
INSERT 0 4
DROP TABLE
[2026-05-03 02:00:01] ETL pipeline completed successfully.
[2026-05-03 02:00:01] Running cleanup procedures...
[2026-05-03 02:00:01] Closing SSH tunnel...
[2026-05-04 02:00:01] Starting daily ETL pipeline...
[2026-05-04 02:00:01] Establishing SSH tunnel to MariaDB on port 2220...
[2026-05-04 02:00:01] Extracting from MariaDB via tunnel...
[2026-05-04 02:00:01] Triggering PostgreSQL Import Script...
SET
SET
CREATE TABLE
COPY 3
UPDATE 3
UPDATE 3
INSERT 0 1
INSERT 0 3
DELETE 0
INSERT 0 3
INSERT 0 3
DROP TABLE
[2026-05-04 02:00:01] ETL pipeline completed successfully.
[2026-05-04 02:00:01] Running cleanup procedures...
[2026-05-04 02:00:01] Closing SSH tunnel...
